{"/Users/pro/dev/react-redux-typescript-advance/src/App.tsx": {"path":"/Users/pro/dev/react-redux-typescript-advance/src/App.tsx","statementMap":{"0":{"start":{"line":20,"column":4},"end":{"line":20,"column":17}},"1":{"start":{"line":22,"column":4},"end":{"line":22,"column":20}},"2":{"start":{"line":26,"column":4},"end":{"line":33,"column":6}},"3":{"start":{"line":37,"column":24},"end":{"line":39,"column":1}},"4":{"start":{"line":38,"column":2},"end":{"line":38,"column":24}},"5":{"start":{"line":41,"column":19},"end":{"line":41,"column":53}}},"fnMap":{"0":{"name":"(anonymous_0)","decl":{"start":{"line":19,"column":2},"end":{"line":19,"column":3}},"loc":{"start":{"line":19,"column":31},"end":{"line":23,"column":3}},"line":19},"1":{"name":"(anonymous_1)","decl":{"start":{"line":25,"column":2},"end":{"line":25,"column":3}},"loc":{"start":{"line":25,"column":11},"end":{"line":34,"column":3}},"line":25},"2":{"name":"(anonymous_2)","decl":{"start":{"line":37,"column":24},"end":{"line":37,"column":25}},"loc":{"start":{"line":37,"column":66},"end":{"line":39,"column":1}},"line":37}},"branchMap":{},"s":{"0":0,"1":0,"2":0,"3":1,"4":0,"5":1},"f":{"0":0,"1":0,"2":0},"b":{},"_coverageSchema":"1a1c01bbd47fc00a2c39e90264f33305004495a9","hash":"436aaa9619139ee3985a56143180d3b3895c0a77"}
,"/Users/pro/dev/react-redux-typescript-advance/src/index.tsx": {"path":"/Users/pro/dev/react-redux-typescript-advance/src/index.tsx","statementMap":{"0":{"start":{"line":11,"column":14},"end":{"line":14,"column":1}},"1":{"start":{"line":16,"column":0},"end":{"line":21,"column":2}}},"fnMap":{},"branchMap":{},"s":{"0":0,"1":0},"f":{},"b":{}}
,"/Users/pro/dev/react-redux-typescript-advance/src/actions/auth.ts": {"path":"/Users/pro/dev/react-redux-typescript-advance/src/actions/auth.ts","statementMap":{"0":{"start":{"line":7,"column":12},"end":{"line":7,"column":42}},"1":{"start":{"line":46,"column":25},"end":{"line":55,"column":1}},"2":{"start":{"line":47,"column":2},"end":{"line":54,"column":4}},"3":{"start":{"line":48,"column":21},"end":{"line":48,"column":47}},"4":{"start":{"line":50,"column":4},"end":{"line":53,"column":7}}},"fnMap":{"0":{"name":"(anonymous_0)","decl":{"start":{"line":46,"column":25},"end":{"line":46,"column":26}},"loc":{"start":{"line":46,"column":31},"end":{"line":55,"column":1}},"line":46},"1":{"name":"(anonymous_1)","decl":{"start":{"line":47,"column":9},"end":{"line":47,"column":10}},"loc":{"start":{"line":47,"column":39},"end":{"line":54,"column":3}},"line":47}},"branchMap":{},"s":{"0":1,"1":1,"2":0,"3":0,"4":0},"f":{"0":0,"1":0},"b":{},"_coverageSchema":"1a1c01bbd47fc00a2c39e90264f33305004495a9","hash":"c0750ba3c6e206f16c46af1adb40f2332a83aff5"}
,"/Users/pro/dev/react-redux-typescript-advance/src/actions/index.ts": {"path":"/Users/pro/dev/react-redux-typescript-advance/src/actions/index.ts","statementMap":{},"fnMap":{},"branchMap":{},"s":{},"f":{},"b":{},"_coverageSchema":"1a1c01bbd47fc00a2c39e90264f33305004495a9","hash":"c3b858674b1be3c225e42c4eb67067873e354d17"}
,"/Users/pro/dev/react-redux-typescript-advance/src/actions/todos.ts": {"path":"/Users/pro/dev/react-redux-typescript-advance/src/actions/todos.ts","statementMap":{"0":{"start":{"line":7,"column":12},"end":{"line":7,"column":31}},"1":{"start":{"line":33,"column":26},"end":{"line":42,"column":1}},"2":{"start":{"line":34,"column":2},"end":{"line":41,"column":4}},"3":{"start":{"line":35,"column":21},"end":{"line":35,"column":49}},"4":{"start":{"line":37,"column":4},"end":{"line":40,"column":7}},"5":{"start":{"line":44,"column":26},"end":{"line":49,"column":1}},"6":{"start":{"line":45,"column":2},"end":{"line":48,"column":4}}},"fnMap":{"0":{"name":"(anonymous_0)","decl":{"start":{"line":33,"column":26},"end":{"line":33,"column":27}},"loc":{"start":{"line":33,"column":32},"end":{"line":42,"column":1}},"line":33},"1":{"name":"(anonymous_1)","decl":{"start":{"line":34,"column":9},"end":{"line":34,"column":10}},"loc":{"start":{"line":34,"column":39},"end":{"line":41,"column":3}},"line":34},"2":{"name":"(anonymous_2)","decl":{"start":{"line":44,"column":26},"end":{"line":44,"column":27}},"loc":{"start":{"line":44,"column":60},"end":{"line":49,"column":1}},"line":44}},"branchMap":{},"s":{"0":1,"1":1,"2":0,"3":0,"4":0,"5":1,"6":0},"f":{"0":0,"1":0,"2":0},"b":{},"_coverageSchema":"1a1c01bbd47fc00a2c39e90264f33305004495a9","hash":"5900f5230d40435ce4e79280434ce87c7bab292b"}
,"/Users/pro/dev/react-redux-typescript-advance/src/actions/types.ts": {"path":"/Users/pro/dev/react-redux-typescript-advance/src/actions/types.ts","statementMap":{},"fnMap":{},"branchMap":{},"s":{},"f":{},"b":{},"_coverageSchema":"1a1c01bbd47fc00a2c39e90264f33305004495a9","hash":"610efce67745d9d1da9e3c15724f8b1f90485d16"}
,"/Users/pro/dev/react-redux-typescript-advance/src/components/Details.tsx": {"path":"/Users/pro/dev/react-redux-typescript-advance/src/components/Details.tsx","statementMap":{"0":{"start":{"line":9,"column":4},"end":{"line":9,"column":17}},"1":{"start":{"line":10,"column":4},"end":{"line":12,"column":6}},"2":{"start":{"line":16,"column":4},"end":{"line":20,"column":6}}},"fnMap":{"0":{"name":"(anonymous_0)","decl":{"start":{"line":8,"column":2},"end":{"line":8,"column":3}},"loc":{"start":{"line":8,"column":36},"end":{"line":13,"column":3}},"line":8},"1":{"name":"(anonymous_1)","decl":{"start":{"line":15,"column":2},"end":{"line":15,"column":3}},"loc":{"start":{"line":15,"column":11},"end":{"line":21,"column":3}},"line":15}},"branchMap":{},"s":{"0":0,"1":0,"2":0},"f":{"0":0,"1":0},"b":{},"_coverageSchema":"1a1c01bbd47fc00a2c39e90264f33305004495a9","hash":"c8a46e8d899c1f56b9615dec8106c5f0d3c56ba1"}
,"/Users/pro/dev/react-redux-typescript-advance/src/components/Users.tsx": {"path":"/Users/pro/dev/react-redux-typescript-advance/src/components/Users.tsx","statementMap":{"0":{"start":{"line":24,"column":4},"end":{"line":24,"column":17}},"1":{"start":{"line":26,"column":4},"end":{"line":29,"column":6}},"2":{"start":{"line":33,"column":4},"end":{"line":35,"column":5}},"3":{"start":{"line":34,"column":6},"end":{"line":34,"column":41}},"4":{"start":{"line":38,"column":18},"end":{"line":41,"column":3}},"5":{"start":{"line":39,"column":4},"end":{"line":39,"column":28}},"6":{"start":{"line":40,"column":4},"end":{"line":40,"column":38}},"7":{"start":{"line":43,"column":23},"end":{"line":46,"column":3}},"8":{"start":{"line":44,"column":4},"end":{"line":44,"column":27}},"9":{"start":{"line":48,"column":16},"end":{"line":50,"column":3}},"10":{"start":{"line":49,"column":4},"end":{"line":49,"column":30}},"11":{"start":{"line":53,"column":4},"end":{"line":59,"column":7}},"12":{"start":{"line":54,"column":6},"end":{"line":58,"column":8}},"13":{"start":{"line":55,"column":28},"end":{"line":55,"column":53}},"14":{"start":{"line":63,"column":4},"end":{"line":81,"column":6}},"15":{"start":{"line":75,"column":12},"end":{"line":77,"column":19}},"16":{"start":{"line":85,"column":24},"end":{"line":90,"column":1}},"17":{"start":{"line":89,"column":2},"end":{"line":89,"column":38}},"18":{"start":{"line":92,"column":21},"end":{"line":96,"column":8}}},"fnMap":{"0":{"name":"(anonymous_0)","decl":{"start":{"line":23,"column":2},"end":{"line":23,"column":3}},"loc":{"start":{"line":23,"column":31},"end":{"line":30,"column":3}},"line":23},"1":{"name":"(anonymous_1)","decl":{"start":{"line":32,"column":2},"end":{"line":32,"column":3}},"loc":{"start":{"line":32,"column":48},"end":{"line":36,"column":3}},"line":32},"2":{"name":"(anonymous_2)","decl":{"start":{"line":38,"column":18},"end":{"line":38,"column":19}},"loc":{"start":{"line":38,"column":30},"end":{"line":41,"column":3}},"line":38},"3":{"name":"(anonymous_3)","decl":{"start":{"line":43,"column":23},"end":{"line":43,"column":24}},"loc":{"start":{"line":43,"column":35},"end":{"line":46,"column":3}},"line":43},"4":{"name":"(anonymous_4)","decl":{"start":{"line":48,"column":16},"end":{"line":48,"column":17}},"loc":{"start":{"line":48,"column":38},"end":{"line":50,"column":3}},"line":48},"5":{"name":"(anonymous_5)","decl":{"start":{"line":52,"column":2},"end":{"line":52,"column":3}},"loc":{"start":{"line":52,"column":30},"end":{"line":60,"column":3}},"line":52},"6":{"name":"(anonymous_6)","decl":{"start":{"line":53,"column":32},"end":{"line":53,"column":33}},"loc":{"start":{"line":53,"column":48},"end":{"line":59,"column":5}},"line":53},"7":{"name":"(anonymous_7)","decl":{"start":{"line":55,"column":22},"end":{"line":55,"column":23}},"loc":{"start":{"line":55,"column":28},"end":{"line":55,"column":53}},"line":55},"8":{"name":"(anonymous_8)","decl":{"start":{"line":62,"column":2},"end":{"line":62,"column":3}},"loc":{"start":{"line":62,"column":11},"end":{"line":82,"column":3}},"line":62},"9":{"name":"(anonymous_9)","decl":{"start":{"line":74,"column":32},"end":{"line":74,"column":33}},"loc":{"start":{"line":75,"column":12},"end":{"line":77,"column":19}},"line":75},"10":{"name":"(anonymous_10)","decl":{"start":{"line":85,"column":24},"end":{"line":85,"column":25}},"loc":{"start":{"line":88,"column":49},"end":{"line":90,"column":1}},"line":88}},"branchMap":{"0":{"loc":{"start":{"line":33,"column":4},"end":{"line":35,"column":5}},"type":"if","locations":[{"start":{"line":33,"column":4},"end":{"line":35,"column":5}},{"start":{"line":33,"column":4},"end":{"line":35,"column":5}}],"line":33},"1":{"loc":{"start":{"line":33,"column":8},"end":{"line":33,"column":58}},"type":"binary-expr","locations":[{"start":{"line":33,"column":8},"end":{"line":33,"column":31}},{"start":{"line":33,"column":35},"end":{"line":33,"column":58}}],"line":33},"2":{"loc":{"start":{"line":66,"column":9},"end":{"line":66,"column":50}},"type":"cond-expr","locations":[{"start":{"line":66,"column":31},"end":{"line":66,"column":43}},{"start":{"line":66,"column":46},"end":{"line":66,"column":50}}],"line":66}},"s":{"0":0,"1":0,"2":0,"3":0,"4":0,"5":0,"6":0,"7":0,"8":0,"9":0,"10":0,"11":0,"12":0,"13":0,"14":0,"15":0,"16":1,"17":0,"18":1},"f":{"0":0,"1":0,"2":0,"3":0,"4":0,"5":0,"6":0,"7":0,"8":0,"9":0,"10":0},"b":{"0":[0,0],"1":[0,0],"2":[0,0]},"_coverageSchema":"1a1c01bbd47fc00a2c39e90264f33305004495a9","hash":"bdbb351b9f418ba361a02fbca388bf3a686c0495"}
,"/Users/pro/dev/react-redux-typescript-advance/src/reducers/auth.ts": {"path":"/Users/pro/dev/react-redux-typescript-advance/src/reducers/auth.ts","statementMap":{"0":{"start":{"line":4,"column":21},"end":{"line":9,"column":1}},"1":{"start":{"line":11,"column":27},"end":{"line":18,"column":1}},"2":{"start":{"line":12,"column":2},"end":{"line":17,"column":3}},"3":{"start":{"line":14,"column":6},"end":{"line":14,"column":45}},"4":{"start":{"line":16,"column":6},"end":{"line":16,"column":19}}},"fnMap":{"0":{"name":"(anonymous_0)","decl":{"start":{"line":11,"column":27},"end":{"line":11,"column":28}},"loc":{"start":{"line":11,"column":75},"end":{"line":18,"column":1}},"line":11}},"branchMap":{"0":{"loc":{"start":{"line":11,"column":28},"end":{"line":11,"column":54}},"type":"default-arg","locations":[{"start":{"line":11,"column":42},"end":{"line":11,"column":54}}],"line":11},"1":{"loc":{"start":{"line":12,"column":2},"end":{"line":17,"column":3}},"type":"switch","locations":[{"start":{"line":13,"column":4},"end":{"line":14,"column":45}},{"start":{"line":15,"column":4},"end":{"line":16,"column":19}}],"line":12}},"s":{"0":0,"1":0,"2":0,"3":0,"4":0},"f":{"0":0},"b":{"0":[0],"1":[0,0]}}
,"/Users/pro/dev/react-redux-typescript-advance/src/reducers/index.ts": {"path":"/Users/pro/dev/react-redux-typescript-advance/src/reducers/index.ts","statementMap":{"0":{"start":{"line":13,"column":24},"end":{"line":16,"column":2}}},"fnMap":{},"branchMap":{},"s":{"0":0},"f":{},"b":{}}
,"/Users/pro/dev/react-redux-typescript-advance/src/reducers/todos.ts": {"path":"/Users/pro/dev/react-redux-typescript-advance/src/reducers/todos.ts","statementMap":{"0":{"start":{"line":3,"column":28},"end":{"line":12,"column":1}},"1":{"start":{"line":4,"column":2},"end":{"line":11,"column":3}},"2":{"start":{"line":6,"column":6},"end":{"line":6,"column":28}},"3":{"start":{"line":8,"column":6},"end":{"line":8,"column":62}},"4":{"start":{"line":8,"column":35},"end":{"line":8,"column":60}},"5":{"start":{"line":10,"column":6},"end":{"line":10,"column":19}}},"fnMap":{"0":{"name":"(anonymous_0)","decl":{"start":{"line":3,"column":28},"end":{"line":3,"column":29}},"loc":{"start":{"line":3,"column":68},"end":{"line":12,"column":1}},"line":3},"1":{"name":"(anonymous_1)","decl":{"start":{"line":8,"column":26},"end":{"line":8,"column":27}},"loc":{"start":{"line":8,"column":35},"end":{"line":8,"column":60}},"line":8}},"branchMap":{"0":{"loc":{"start":{"line":3,"column":29},"end":{"line":3,"column":47}},"type":"default-arg","locations":[{"start":{"line":3,"column":45},"end":{"line":3,"column":47}}],"line":3},"1":{"loc":{"start":{"line":4,"column":2},"end":{"line":11,"column":3}},"type":"switch","locations":[{"start":{"line":5,"column":4},"end":{"line":6,"column":28}},{"start":{"line":7,"column":4},"end":{"line":8,"column":62}},{"start":{"line":9,"column":4},"end":{"line":10,"column":19}}],"line":4}},"s":{"0":0,"1":0,"2":0,"3":0,"4":0,"5":0},"f":{"0":0,"1":0},"b":{"0":[0],"1":[0,0,0]}}
,"/Users/pro/dev/react-redux-typescript-advance/src/utils/api.ts": {"path":"/Users/pro/dev/react-redux-typescript-advance/src/utils/api.ts","statementMap":{"0":{"start":{"line":1,"column":23},"end":{"line":1,"column":61}}},"fnMap":{},"branchMap":{},"s":{"0":1},"f":{},"b":{},"_coverageSchema":"1a1c01bbd47fc00a2c39e90264f33305004495a9","hash":"72a00e01c5b841b39ba2855a9f5753439272e094"}
}
